/*C13*/SET SCHEMA PUBLIC
DELETE FROM COOK WHERE USER_ID=300
INSERT INTO COOK VALUES(300,'kuvar3@live.com','Kuva','123','Kuvaca','Cook','2017-02-04 00:00:00.000000',FALSE,'55','213',40,10)
COMMIT
DELETE FROM COOK WHERE USER_ID=301
INSERT INTO COOK VALUES(301,'kuvar4@live.com','Kuv','123','Kuvaca','Cook','2017-02-18 00:00:00.000000',FALSE,'512','11',40,10)
COMMIT
DELETE FROM COOK WHERE USER_ID=302
INSERT INTO COOK VALUES(302,'kuvar5@live.com','Ala','123','Zmija','Cook','2017-02-11 00:00:00.000000',FALSE,'77','12',40,12)
COMMIT
/*C12*/SET SCHEMA PUBLIC
DELETE FROM COOK WHERE USER_ID=303
INSERT INTO COOK VALUES(303,'kuvar6@live.com','Zmi','123','Zmijic','Cook','2017-02-04 00:00:00.000000',FALSE,'77','123',40,12)
COMMIT
/*C13*/DELETE FROM BARMAN WHERE USER_ID=304
INSERT INTO BARMAN VALUES(304,'sanker2@live.com','Sank','123','Sankic','Barman','2017-02-11 00:00:00.000000',FALSE,'77','88',40)
COMMIT
DELETE FROM STEWARD WHERE USER_ID=305
INSERT INTO STEWARD VALUES(305,'konobar4@live.com','Kon','123','Konic','Steward','2017-02-11 00:00:00.000000',FALSE,'11','22',40)
COMMIT
DELETE FROM STEWARD WHERE USER_ID=306
INSERT INTO STEWARD VALUES(306,'konobar5@live.com','Kon','123','Kontic','Steward','2017-02-04 00:00:00.000000',FALSE,'77','88',40)
COMMIT
DELETE FROM STEWARD WHERE USER_ID=307
INSERT INTO STEWARD VALUES(307,'konobar6@live.com','Konn','123','Konnic','Steward','2017-02-11 00:00:00.000000',FALSE,'12','44',40)
COMMIT
DELETE FROM STEWARD WHERE USER_ID=308
INSERT INTO STEWARD VALUES(308,'konobar7@live.com','Kony','123','Konyc','Steward','2017-02-02 00:00:00.000000',FALSE,'12','66',40)
COMMIT
